{"level":"info","message":"Server running on port 3000","timestamp":"2024-11-21T20:24:37.686Z"}
{"level":"info","message":"Server running on port 3000","timestamp":"2024-11-21T20:25:11.127Z"}
2024-11-21 21:26:06 [[32minfo[39m]: Server is running on http://localhost:3000
2024-11-21 21:43:51 [[32minfo[39m]: Server is running on http://localhost:3000
2024-11-21 21:45:08 [[32minfo[39m]: Server is running on http://localhost:3000
2024-11-21 21:45:58 [[32minfo[39m]: Server is running on http://localhost:3000
2024-11-28 11:19:58 [[32minfo[39m]: Server is running on http://localhost:3000
2024-11-28 11:20:19 [[32minfo[39m]: Server is running on http://localhost:3000
2024-11-28 11:26:55 [[32minfo[39m]: Server is running on http://localhost:3000
2024-11-28 11:30:16 [[32minfo[39m]: Server is running on http://localhost:3000
2024-11-28 11:32:27 [[32minfo[39m]: Server is running on http://localhost:3000
2024-12-05 15:45:20 [[32minfo[39m]: Server is running on http://localhost:3000
2024-12-05 15:49:25 [[32minfo[39m]: Server is running on http://localhost:3000
2024-12-05 15:51:01 [[32minfo[39m]: Server is running on http://localhost:3000
2024-12-05 15:53:47 [[32minfo[39m]: Server is running on http://localhost:3000
2024-12-05 15:56:10 [[32minfo[39m]: Server is running on http://localhost:3000
2024-12-05 16:04:47 [[32minfo[39m]: Server is running on http://localhost:3000
2024-12-05 16:09:26 [[32minfo[39m]: Server is running on http://localhost:3000
2024-12-05 16:12:31 [[32minfo[39m]: Server is running on http://localhost:3000
2024-12-05 16:14:21 [[32minfo[39m]: Server is running on http://localhost:3000
2024-12-05 16:16:59 [[32minfo[39m]: Server is running on http://localhost:3000
2024-12-05 16:19:54 [[32minfo[39m]: Server is running on http://localhost:3000
2024-12-05 16:21:11 [[32minfo[39m]: Server is running on http://localhost:3000
2024-12-05 16:24:25 [[32minfo[39m]: Server is running on http://localhost:3000
2024-12-06 09:39:36 [[32minfo[39m]: Server is running on http://localhost:3000
2024-12-06 09:43:36 [[32minfo[39m]: Server is running on http://localhost:3000
2024-12-06 09:48:06 [[32minfo[39m]: Server is running on http://localhost:3000
2024-12-06 09:50:19 [[32minfo[39m]: Server is running on http://localhost:3000
2024-12-06 09:51:25 [[32minfo[39m]: Server is running on http://localhost:3000
2024-12-06 09:51:47 [[32minfo[39m]: Server is running on http://localhost:3000
2024-12-06 09:52:31 [[32minfo[39m]: Server is running on http://localhost:3000
2024-12-06 09:54:27 [[32minfo[39m]: Server is running on http://localhost:3000
2024-12-06 10:00:45 [[32minfo[39m]: Directorio 'notas' ya existe en C:\Users\jesus\Desktop\DWES\00-editor_notas\4. Editor de notas con express, estructura, tests, orden, paginacion y filtro\notas
2024-12-06 10:00:45 [[32minfo[39m]: Server is running on http://localhost:3000
2024-12-06 10:01:00 [[32minfo[39m]: Directorio 'notas' ya existe en C:\Users\jesus\Desktop\DWES\00-editor_notas\4. Editor de notas con express, estructura, tests, orden, paginacion y filtro\notas
2024-12-06 10:01:00 [[32minfo[39m]: Server is running on http://localhost:3000
2024-12-06 10:02:15 [[32minfo[39m]: Server is running on http://localhost:3000
2024-12-06 10:03:07 [[32minfo[39m]: Server is running on http://localhost:3000
2024-12-06 10:06:07 [[32minfo[39m]: Directorio 'notas' ya existe en C:\Users\jesus\Desktop\DWES\00-editor_notas\4. Editor de notas con express, estructura, tests, orden, paginacion y filtro\notas
2024-12-06 10:06:07 [[32minfo[39m]: Server is running on http://localhost:3000
2024-12-06 11:52:43 [[32minfo[39m]: Directorio 'notas' ya existe en C:\Users\jesus\Desktop\DWES\00-editor_notas\4. Editor de notas con express, estructura, tests, orden, paginacion y filtro - copia\notas
2024-12-06 11:52:43 [[32minfo[39m]: Server is running on http://localhost:3000
2024-12-06 11:59:31 [[32minfo[39m]: Directorio 'notas' ya existe en C:\Users\jesus\Desktop\DWES\00-editor_notas\4. Editor de notas con express, estructura, tests, orden, paginacion y filtro - copia\notas
2024-12-06 11:59:31 [[32minfo[39m]: Server is running on http://localhost:3000
2024-12-06 12:22:48 [[32minfo[39m]: Directorio 'notas' ya existe en C:\Users\jesus\Desktop\DWES\00-editor_notas\4. Editor de notas con express, estructura, tests, orden, paginacion y filtro - copia\notas
2024-12-06 12:22:48 [[32minfo[39m]: Server is running on http://localhost:3000
2024-12-06 12:26:33 [[32minfo[39m]: Directorio 'notas' ya existe en C:\Users\jesus\Desktop\DWES\00-editor_notas\4. Editor de notas con express, estructura, tests, orden, paginacion y filtro - copia\notas
2024-12-06 12:26:33 [[32minfo[39m]: Server is running on http://localhost:3000
2024-12-06 15:08:38 [[32minfo[39m]: Directorio 'notas' ya existe en C:\Users\jesus\Desktop\DWES\00-editor_notas\5. Editor de notas con express, estructura, tests, orden, paginacion, filtro y subida-descarga\notas
2024-12-06 15:08:38 [[32minfo[39m]: Server is running on http://localhost:3000
2024-12-06 15:10:36 [[32minfo[39m]: Directorio 'notas' ya existe en C:\Users\jesus\Desktop\DWES\00-editor_notas\5. Editor de notas con express, estructura, tests, orden, paginacion, filtro y subida-descarga\notas
2024-12-06 15:10:36 [[32minfo[39m]: Server is running on http://localhost:3000
2024-12-06 15:12:28 [[32minfo[39m]: Directorio 'notas' ya existe en C:\Users\jesus\Desktop\DWES\00-editor_notas\5. Editor de notas con express, estructura, tests, orden, paginacion, filtro y subida-descarga\notas
2024-12-06 15:12:28 [[32minfo[39m]: Server is running on http://localhost:3000
2024-12-06 15:17:09 [[32minfo[39m]: Directorio 'notas' ya existe en C:\Users\jesus\Desktop\DWES\00-editor_notas\5. Editor de notas con express, estructura, tests, orden, paginacion, filtro y subida-descarga\notas
2024-12-06 15:17:09 [[32minfo[39m]: Server is running on http://localhost:3000
2024-12-06 15:24:07 [[32minfo[39m]: Directorio 'notas' ya existe en C:\Users\jesus\Desktop\DWES\00-editor_notas\5. Editor de notas con express, estructura, tests, orden, paginacion, filtro y subida-descarga\notas
2024-12-06 15:24:07 [[32minfo[39m]: Server is running on http://localhost:3000
2024-12-07 11:27:47 [[32minfo[39m]: Directorio 'notas' ya existe en C:\Users\jesus\Desktop\DWES\00-editor_notas\6. Editor de notas con express, estructura, tests, orden, paginacion, filtro y subida-descarga y token\notas
2024-12-07 11:27:47 [[32minfo[39m]: Server is running on http://localhost:3000
2024-12-07 11:38:36 [[32minfo[39m]: Directorio 'notas' ya existe en C:\Users\jesus\Desktop\DWES\00-editor_notas\6. Editor de notas con express, estructura, tests, orden, paginacion, filtro y subida-descarga y token\notas
2024-12-07 11:38:36 [[32minfo[39m]: Server is running on http://localhost:3000
2024-12-07 11:47:38 [[32minfo[39m]: Directorio 'notas' ya existe en C:\Users\jesus\Desktop\DWES\00-editor_notas\6. Editor de notas con express, estructura, tests, orden, paginacion, filtro y subida-descarga y token\notas
2024-12-07 11:47:38 [[32minfo[39m]: Server is running on http://localhost:3000
2024-12-07 12:21:36 [[32minfo[39m]: Directorio 'notas' ya existe en C:\Users\jesus\Desktop\DWES\00-editor_notas\7. Editor de notas con express, estructura, tests, orden, paginacion, filtro, subida-descarga, tokens y documentacion API\notas
2024-12-07 12:21:36 [[32minfo[39m]: Server is running on http://localhost:3000
2024-12-07 14:30:38 [[32minfo[39m]: Directorio 'notas' ya existe en C:\Users\jesus\Desktop\DWES\00-editor_notas\7. Editor de notas con express, estructura, tests, orden, paginacion, filtro, subida-descarga, tokens y documentacion API\notas
2024-12-07 14:30:38 [[32minfo[39m]: Server is running on http://localhost:3000
2024-12-07 14:39:22 [[32minfo[39m]: Directorio 'notas' ya existe en C:\Users\jesus\Desktop\DWES\00-editor_notas\7. Editor de notas con express, estructura, tests, orden, paginacion, filtro, subida-descarga, tokens y documentacion API\notas
2024-12-07 14:39:22 [[32minfo[39m]: Server is running on http://localhost:3000
2024-12-07 14:44:14 [[32minfo[39m]: Directorio 'notas' ya existe en C:\Users\jesus\Desktop\DWES\00-editor_notas\7. Editor de notas con express, estructura, tests, orden, paginacion, filtro, subida-descarga, tokens y documentacion API\notas
2024-12-07 14:44:14 [[32minfo[39m]: Server is running on http://localhost:3000
2024-12-07 14:48:31 [[32minfo[39m]: Directorio 'notas' ya existe en C:\Users\jesus\Desktop\DWES\00-editor_notas\7. Editor de notas con express, estructura, tests, orden, paginacion, filtro, subida-descarga, tokens y documentacion API\notas
2024-12-07 14:48:31 [[32minfo[39m]: Server is running on http://localhost:3000
2024-12-07 14:49:37 [[32minfo[39m]: Directorio 'notas' ya existe en C:\Users\jesus\Desktop\DWES\00-editor_notas\7. Editor de notas con express, estructura, tests, orden, paginacion, filtro, subida-descarga, tokens y documentacion API\notas
2024-12-07 14:49:37 [[32minfo[39m]: Server is running on http://localhost:3000
2024-12-07 14:51:08 [[32minfo[39m]: Directorio 'notas' ya existe en C:\Users\jesus\Desktop\DWES\00-editor_notas\7. Editor de notas con express, estructura, tests, orden, paginacion, filtro, subida-descarga, tokens y documentacion API\notas
2024-12-07 14:51:08 [[32minfo[39m]: Server is running on http://localhost:3000
2024-12-07 14:54:20 [[32minfo[39m]: Directorio 'notas' ya existe en C:\Users\jesus\Desktop\DWES\00-editor_notas\7. Editor de notas con express, estructura, tests, orden, paginacion, filtro, subida-descarga, tokens y documentacion API\notas
2024-12-07 14:54:20 [[32minfo[39m]: Server is running on http://localhost:3000
2024-12-08 12:36:55 [[32minfo[39m]: Directorio 'notas' ya existe en C:\Users\jesus\Desktop\DWES\00-editor_notas\7. Editor de notas con express, estructura, tests, orden, paginacion, filtro, subida-descarga, tokens y documentacion API\notas
2024-12-08 12:36:55 [[32minfo[39m]: Server is running on http://localhost:3000
2024-12-08 12:53:33 [[32minfo[39m]: Directorio 'notas' ya existe en C:\Users\jesus\Desktop\DWES\00-editor_notas\7. Editor de notas con express, estructura, tests, orden, paginacion, filtro, subida-descarga, tokens y documentacion API\notas
2024-12-08 12:53:33 [[32minfo[39m]: Server is running on http://localhost:3000
2024-12-08 12:58:02 [[32minfo[39m]: Directorio 'notas' ya existe en C:\Users\jesus\Desktop\DWES\00-editor_notas\7. Editor de notas con express, estructura, tests, orden, paginacion, filtro, subida-descarga, tokens y documentacion API\notas
2024-12-08 12:58:02 [[32minfo[39m]: Server is running on http://localhost:3000
2024-12-08 13:10:38 [[32minfo[39m]: Directorio 'notas' ya existe en C:\Users\jesus\Desktop\DWES\00-editor_notas\7. Editor de notas con express, estructura, tests, orden, paginacion, filtro, subida-descarga, tokens y documentacion API\notas
2024-12-08 13:10:38 [[32minfo[39m]: Server is running on http://localhost:3000
2024-12-08 13:17:43 [[32minfo[39m]: Directorio 'notas' ya existe en C:\Users\jesus\Desktop\DWES\00-editor_notas\7. Editor de notas con express, estructura, tests, orden, paginacion, filtro, subida-descarga, tokens y documentacion API\notas
2024-12-08 13:17:43 [[32minfo[39m]: Server is running on http://localhost:3000
2024-12-08 13:25:20 [[32minfo[39m]: Directorio 'notas' ya existe en C:\Users\jesus\Desktop\DWES\00-editor_notas\7. Editor de notas con express, estructura, tests, orden, paginacion, filtro, subida-descarga, tokens y documentacion API\notas
2024-12-08 13:25:20 [[32minfo[39m]: Server is running on http://localhost:3000
2024-12-08 13:33:50 [[32minfo[39m]: Directorio 'notas' ya existe en C:\Users\jesus\Desktop\DWES\00-editor_notas\7. Editor de notas con express, estructura, tests, orden, paginacion, filtro, subida-descarga, tokens y documentacion API\notas
2024-12-08 13:33:50 [[32minfo[39m]: Server is running on http://localhost:3000
2024-12-08 13:34:31 [[32minfo[39m]: Directorio 'notas' ya existe en C:\Users\jesus\Desktop\DWES\00-editor_notas\7. Editor de notas con express, estructura, tests, orden, paginacion, filtro, subida-descarga, tokens y documentacion API\notas
2024-12-08 13:34:31 [[32minfo[39m]: Server is running on http://localhost:3000
2024-12-08 13:40:16 [[32minfo[39m]: Directorio 'notas' ya existe en C:\Users\jesus\Desktop\DWES\00-editor_notas\7. Editor de notas con express, estructura, tests, orden, paginacion, filtro, subida-descarga, tokens y documentacion API\notas
2024-12-08 13:40:16 [[32minfo[39m]: Server is running on http://localhost:3000
2024-12-08 13:43:54 [[32minfo[39m]: Directorio 'notas' ya existe en C:\Users\jesus\Desktop\DWES\00-editor_notas\7. Editor de notas con express, estructura, tests, orden, paginacion, filtro, subida-descarga, tokens y documentacion API\notas
2024-12-08 13:43:54 [[32minfo[39m]: Server is running on http://localhost:3000